[33m❯[39m Building...
[32m✔[39m Building...
Application bundle generation failed. [1.714 seconds] - 2026-01-15T22:15:29.372Z

[1m[31m[31mX [41;31m[[41;97mERROR[41;31m][0m [1mNG2008: Could not find stylesheet file './app.component.css'.[0m [1m[35m[plugin angular-compiler][0m

    src/app/app.component.ts:11:14:
[37m      11 │     styleUrl: [32m'./app.component.css'[37m
         ╵               [32m~~~~~~~~~~~~~~~~~~~~~[0m


[31mX [41;31m[[41;97mERROR[41;31m][0m [1mNG2008: Could not find stylesheet file './dashboard.component.css'.[0m [1m[35m[plugin angular-compiler][0m

    src/app/components/dashboard/dashboard.component.ts:10:14:
[37m      10 │     styleUrl: [32m'./dashboard.component.css'[37m
         ╵               [32m~~~~~~~~~~~~~~~~~~~~~~~~~~~[0m


[31mX [41;31m[[41;97mERROR[41;31m][0m [1mNG2008: Could not find stylesheet file './transaction-form.component.css'.[0m [1m[35m[plugin angular-compiler][0m

    src/app/components/transaction-form/transaction-form.component.ts:11:14:
[37m      11 │     styleUrl: [32m'./transaction-form.component.css'[37m
         ╵               [32m~~~~~~~~~~~~~~~~~~~~~~~~~~~~~~~~~~[0m


[31mX [41;31m[[41;97mERROR[41;31m][0m [1mNG2008: Could not find stylesheet file './transaction-list.component.css'.[0m [1m[35m[plugin angular-compiler][0m

    src/app/components/transaction-list/transaction-list.component.ts:10:14:
[37m      10 │     styleUrl: [32m'./transaction-list.component.css'[37m
         ╵               [32m~~~~~~~~~~~~~~~~~~~~~~~~~~~~~~~~~~[0m

[39m[22m
